Flow report for P1
Mon Apr 30 12:44:32 2018
Quartus Prime Version 16.1.0 Build 196 10/24/2016 SJ Standard Edition


---------------------
; Table of Contents ;
---------------------
  1. Legal Notice
  2. Flow Summary
  3. Flow Settings
  4. Flow Non-Default Global Settings
  5. Flow Elapsed Time
  6. Flow OS Summary
  7. Flow Log
  8. Flow Messages
  9. Flow Suppressed Messages



----------------
; Legal Notice ;
----------------
Copyright (C) 2016  Intel Corporation. All rights reserved.
Your use of Intel Corporation's design tools, logic functions 
and other software and tools, and its AMPP partner logic 
functions, and any output files from any of the foregoing 
(including device programming or simulation files), and any 
associated documentation or information are expressly subject 
to the terms and conditions of the Intel Program License 
Subscription Agreement, the Intel Quartus Prime License Agreement,
the Intel MegaCore Function License Agreement, or other 
applicable license agreement, including, without limitation, 
that your use is for the sole purpose of programming logic 
devices manufactured by Intel and sold by Intel or its 
authorized distributors.  Please refer to the applicable 
agreement for further details.



+--------------------------------------------------------------------------------------+
; Flow Summary                                                                         ;
+------------------------------------+-------------------------------------------------+
; Flow Status                        ; Successful - Mon Apr 30 12:44:32 2018           ;
; Quartus Prime Version              ; 16.1.0 Build 196 10/24/2016 SJ Standard Edition ;
; Revision Name                      ; P1                                              ;
; Top-level Entity Name              ; P1                                              ;
; Family                             ; Cyclone IV E                                    ;
; Device                             ; EP4CE22F17C6                                    ;
; Timing Models                      ; Final                                           ;
; Total logic elements               ; 12 / 22,320 ( < 1 % )                           ;
;     Total combinational functions  ; 2 / 22,320 ( < 1 % )                            ;
;     Dedicated logic registers      ; 12 / 22,320 ( < 1 % )                           ;
; Total registers                    ; 12                                              ;
; Total pins                         ; 26 / 154 ( 17 % )                               ;
; Total virtual pins                 ; 0                                               ;
; Total memory bits                  ; 0 / 608,256 ( 0 % )                             ;
; Embedded Multiplier 9-bit elements ; 0 / 132 ( 0 % )                                 ;
; Total PLLs                         ; 0 / 4 ( 0 % )                                   ;
+------------------------------------+-------------------------------------------------+


+-----------------------------------------+
; Flow Settings                           ;
+-------------------+---------------------+
; Option            ; Setting             ;
+-------------------+---------------------+
; Start date & time ; 04/30/2018 12:40:36 ;
; Main task         ; Compilation         ;
; Revision Name     ; P1                  ;
+-------------------+---------------------+


+-----------------------------------------------------------------------------------------------------------------------------+
; Flow Non-Default Global Settings                                                                                            ;
+-------------------------------------+----------------------------------------+---------------+-------------+----------------+
; Assignment Name                     ; Value                                  ; Default Value ; Entity Name ; Section Id     ;
+-------------------------------------+----------------------------------------+---------------+-------------+----------------+
; COMPILER_SIGNATURE_ID               ; 176527405232424.152508843600528        ; --            ; --          ; --             ;
; EDA_OUTPUT_DATA_FORMAT              ; Vhdl                                   ; --            ; --          ; eda_simulation ;
; EDA_SIMULATION_TOOL                 ; ModelSim-Altera (VHDL)                 ; <None>        ; --          ; --             ;
; EDA_TIME_SCALE                      ; 1 ps                                   ; --            ; --          ; eda_simulation ;
; MAX_CORE_JUNCTION_TEMP              ; 85                                     ; --            ; --          ; --             ;
; MIN_CORE_JUNCTION_TEMP              ; 0                                      ; --            ; --          ; --             ;
; NOMINAL_CORE_SUPPLY_VOLTAGE         ; 1.2V                                   ; --            ; --          ; --             ;
; PARTITION_COLOR                     ; -- (Not supported for targeted family) ; --            ; --          ; Top            ;
; PARTITION_FITTER_PRESERVATION_LEVEL ; -- (Not supported for targeted family) ; --            ; --          ; Top            ;
; PARTITION_NETLIST_TYPE              ; -- (Not supported for targeted family) ; --            ; --          ; Top            ;
; PROJECT_OUTPUT_DIRECTORY            ; output_files                           ; --            ; --          ; --             ;
+-------------------------------------+----------------------------------------+---------------+-------------+----------------+


+-------------------------------------------------------------------------------------------------------------------------------+
; Flow Elapsed Time                                                                                                             ;
+---------------------------+--------------+-------------------------+---------------------+------------------------------------+
; Module Name               ; Elapsed Time ; Average Processors Used ; Peak Virtual Memory ; Total CPU Time (on all processors) ;
+---------------------------+--------------+-------------------------+---------------------+------------------------------------+
; Analysis & Synthesis      ; 00:00:42     ; 1.0                     ; 723 MB              ; 00:01:28                           ;
; Fitter                    ; 00:00:18     ; 1.0                     ; 1488 MB             ; 00:00:21                           ;
; Assembler                 ; 00:00:05     ; 1.0                     ; 595 MB              ; 00:00:04                           ;
; TimeQuest Timing Analyzer ; 00:00:07     ; 1.0                     ; 713 MB              ; 00:00:06                           ;
; EDA Netlist Writer        ; 00:00:03     ; 1.0                     ; 562 MB              ; 00:00:03                           ;
; EDA Netlist Writer        ; 00:00:03     ; 1.0                     ; 547 MB              ; 00:00:02                           ;
; EDA Netlist Writer        ; 00:00:02     ; 1.0                     ; 556 MB              ; 00:00:02                           ;
; EDA Netlist Writer        ; 00:00:02     ; 1.0                     ; 547 MB              ; 00:00:02                           ;
; EDA Netlist Writer        ; 00:00:03     ; 1.0                     ; 556 MB              ; 00:00:02                           ;
; EDA Netlist Writer        ; 00:00:02     ; 1.0                     ; 545 MB              ; 00:00:02                           ;
; EDA Netlist Writer        ; 00:00:03     ; 1.0                     ; 556 MB              ; 00:00:02                           ;
; EDA Netlist Writer        ; 00:00:02     ; 1.0                     ; 545 MB              ; 00:00:02                           ;
; EDA Netlist Writer        ; 00:00:02     ; 1.0                     ; 554 MB              ; 00:00:02                           ;
; Total                     ; 00:01:34     ; --                      ; --                  ; 00:02:18                           ;
+---------------------------+--------------+-------------------------+---------------------+------------------------------------+


+-----------------------------------------------------------------------------------------+
; Flow OS Summary                                                                         ;
+---------------------------+------------------+------------+------------+----------------+
; Module Name               ; Machine Hostname ; OS Name    ; OS Version ; Processor type ;
+---------------------------+------------------+------------+------------+----------------+
; Analysis & Synthesis      ; Georges          ; Windows 10 ; 10.0       ; x86_64         ;
; Fitter                    ; Georges          ; Windows 10 ; 10.0       ; x86_64         ;
; Assembler                 ; Georges          ; Windows 10 ; 10.0       ; x86_64         ;
; TimeQuest Timing Analyzer ; Georges          ; Windows 10 ; 10.0       ; x86_64         ;
; EDA Netlist Writer        ; Georges          ; Windows 10 ; 10.0       ; x86_64         ;
; EDA Netlist Writer        ; Georges          ; Windows 10 ; 10.0       ; x86_64         ;
; EDA Netlist Writer        ; Georges          ; Windows 10 ; 10.0       ; x86_64         ;
; EDA Netlist Writer        ; Georges          ; Windows 10 ; 10.0       ; x86_64         ;
; EDA Netlist Writer        ; Georges          ; Windows 10 ; 10.0       ; x86_64         ;
; EDA Netlist Writer        ; Georges          ; Windows 10 ; 10.0       ; x86_64         ;
; EDA Netlist Writer        ; Georges          ; Windows 10 ; 10.0       ; x86_64         ;
; EDA Netlist Writer        ; Georges          ; Windows 10 ; 10.0       ; x86_64         ;
; EDA Netlist Writer        ; Georges          ; Windows 10 ; 10.0       ; x86_64         ;
+---------------------------+------------------+------------+------------+----------------+


------------
; Flow Log ;
------------
quartus_map --read_settings_files=on --write_settings_files=off P1 -c P1
quartus_fit --read_settings_files=off --write_settings_files=off P1 -c P1
quartus_asm --read_settings_files=off --write_settings_files=off P1 -c P1
quartus_sta P1 -c P1
quartus_eda --read_settings_files=off --write_settings_files=off P1 -c P1
quartus_eda --gen_testbench --tool=modelsim_oem --format=vhdl --write_settings_files=off P1 -c P1 --vector_source="E:/ELEC241/P1/VHDL Code/Waveform.vwf" --testbench_file="E:/ELEC241/P1/VHDL Code/simulation/qsim/Waveform.vwf.vht"
quartus_eda --write_settings_files=off --simulation=on --functional=on --flatten_buses=off --tool=modelsim_oem --format=vhdl --output_directory="E:/ELEC241/P1/VHDL Code/simulation/qsim/" P1 -c P1
quartus_eda --gen_testbench --tool=modelsim_oem --format=vhdl --write_settings_files=off P1 -c P1 --vector_source="E:/ELEC241/P1/VHDL Code/Waveform.vwf" --testbench_file="E:/ELEC241/P1/VHDL Code/simulation/qsim/Waveform.vwf.vht"
quartus_eda --write_settings_files=off --simulation=on --functional=on --flatten_buses=off --tool=modelsim_oem --format=vhdl --output_directory="E:/ELEC241/P1/VHDL Code/simulation/qsim/" P1 -c P1
quartus_eda --gen_testbench --tool=modelsim_oem --format=vhdl --write_settings_files=off P1 -c P1 --vector_source="E:/ELEC241/P1/VHDL Code/Waveform.vwf" --testbench_file="E:/ELEC241/P1/VHDL Code/simulation/qsim/Waveform.vwf.vht"
quartus_eda --write_settings_files=off --simulation=on --functional=on --flatten_buses=off --tool=modelsim_oem --format=vhdl --output_directory="E:/ELEC241/P1/VHDL Code/simulation/qsim/" P1 -c P1
quartus_eda --gen_testbench --tool=modelsim_oem --format=vhdl --write_settings_files=off P1 -c P1 --vector_source="C:/Users/georg/Desktop/Github/P1/FPGA Code/VHDL Code/Waveform.vwf" --testbench_file="C:/Users/georg/Desktop/Github/P1/FPGA Code/VHDL Code/simulation/qsim/Waveform.vwf.vht"
quartus_eda --write_settings_files=off --simulation=on --functional=on --flatten_buses=off --tool=modelsim_oem --format=vhdl --output_directory="C:/Users/georg/Desktop/Github/P1/FPGA Code/VHDL Code/simulation/qsim/" P1 -c P1



